2025-11-14 19:26:28,801 [main] [org.springframework.boot.StartupInfoLogger.logStarting(StartupInfoLogger.java:55)] - [INFO] Starting Application using Java 23 on LAPTOP-AN3G9507 with PID 21528 (E:\桌面\软件开发\springboot-wxmini-master\springboot-wxmini-master\springboot-wxmini\target\classes started by 栋 in E:\桌面\软件开发\springboot-wxmini-master\springboot-wxmini-master\springboot-wxmini)
2025-11-14 19:26:28,805 [main] [org.springframework.boot.SpringApplication.logStartupProfileInfo(SpringApplication.java:632)] - [INFO] No active profile set, falling back to 1 default profile: "default"
2025-11-14 19:26:29,386 [main] [org.springframework.boot.web.embedded.tomcat.TomcatWebServer.initialize(TomcatWebServer.java:108)] - [INFO] Tomcat initialized with port(s): 8080 (http)
2025-11-14 19:26:29,387 [main] [org.apache.juli.logging.DirectJDKLog.log(DirectJDKLog.java:173)] - [INFO] An older version [1.2.30] of the Apache Tomcat Native library is installed, while Tomcat recommends a minimum version of [1.2.38]
2025-11-14 19:26:29,388 [main] [org.apache.juli.logging.DirectJDKLog.log(DirectJDKLog.java:173)] - [INFO] Loaded Apache Tomcat Native library [1.2.30] using APR version [1.7.0].
2025-11-14 19:26:29,388 [main] [org.apache.juli.logging.DirectJDKLog.log(DirectJDKLog.java:173)] - [INFO] APR capabilities: IPv6 [true], sendfile [true], accept filters [false], random [true], UDS [true].
2025-11-14 19:26:29,388 [main] [org.apache.juli.logging.DirectJDKLog.log(DirectJDKLog.java:173)] - [INFO] APR/OpenSSL configuration: useAprConnector [false], useOpenSSL [true]
2025-11-14 19:26:29,396 [main] [org.apache.juli.logging.DirectJDKLog.log(DirectJDKLog.java:173)] - [INFO] OpenSSL successfully initialized [OpenSSL 1.1.1k  25 Mar 2021]
2025-11-14 19:26:29,401 [main] [org.apache.juli.logging.DirectJDKLog.log(DirectJDKLog.java:173)] - [INFO] Initializing ProtocolHandler ["http-nio-8080"]
2025-11-14 19:26:29,402 [main] [org.apache.juli.logging.DirectJDKLog.log(DirectJDKLog.java:173)] - [INFO] Starting service [Tomcat]
2025-11-14 19:26:29,402 [main] [org.apache.juli.logging.DirectJDKLog.log(DirectJDKLog.java:173)] - [INFO] Starting Servlet engine: [Apache Tomcat/9.0.83]
2025-11-14 19:26:29,466 [main] [org.apache.juli.logging.DirectJDKLog.log(DirectJDKLog.java:173)] - [INFO] Initializing Spring embedded WebApplicationContext
2025-11-14 19:26:29,466 [main] [org.springframework.boot.web.servlet.context.ServletWebServerApplicationContext.prepareWebApplicationContext(ServletWebServerApplicationContext.java:292)] - [INFO] Root WebApplicationContext: initialization completed in 632 ms
2025-11-14 19:26:29,813 [main] [org.apache.juli.logging.DirectJDKLog.log(DirectJDKLog.java:173)] - [INFO] Starting ProtocolHandler ["http-nio-8080"]
2025-11-14 19:26:29,828 [main] [org.springframework.boot.web.embedded.tomcat.TomcatWebServer.start(TomcatWebServer.java:220)] - [INFO] Tomcat started on port(s): 8080 (http) with context path '/demo'
2025-11-14 19:26:29,834 [main] [org.springframework.boot.StartupInfoLogger.logStarted(StartupInfoLogger.java:61)] - [INFO] Started Application in 1.262 seconds (JVM running for 1.931)
2025-11-14 19:29:57,626 [main] [org.springframework.boot.StartupInfoLogger.logStarting(StartupInfoLogger.java:55)] - [INFO] Starting Application using Java 23 on LAPTOP-AN3G9507 with PID 11976 (E:\桌面\软件开发\springboot-wxmini-master\springboot-wxmini-master\springboot-wxmini\target\classes started by 栋 in E:\桌面\软件开发\springboot-wxmini-master\springboot-wxmini-master\springboot-wxmini)
2025-11-14 19:29:57,630 [main] [org.springframework.boot.SpringApplication.logStartupProfileInfo(SpringApplication.java:632)] - [INFO] No active profile set, falling back to 1 default profile: "default"
2025-11-14 19:29:58,128 [main] [org.springframework.boot.web.embedded.tomcat.TomcatWebServer.initialize(TomcatWebServer.java:108)] - [INFO] Tomcat initialized with port(s): 8080 (http)
2025-11-14 19:29:58,129 [main] [org.apache.juli.logging.DirectJDKLog.log(DirectJDKLog.java:173)] - [INFO] An older version [1.2.30] of the Apache Tomcat Native library is installed, while Tomcat recommends a minimum version of [1.2.38]
2025-11-14 19:29:58,129 [main] [org.apache.juli.logging.DirectJDKLog.log(DirectJDKLog.java:173)] - [INFO] Loaded Apache Tomcat Native library [1.2.30] using APR version [1.7.0].
2025-11-14 19:29:58,129 [main] [org.apache.juli.logging.DirectJDKLog.log(DirectJDKLog.java:173)] - [INFO] APR capabilities: IPv6 [true], sendfile [true], accept filters [false], random [true], UDS [true].
2025-11-14 19:29:58,129 [main] [org.apache.juli.logging.DirectJDKLog.log(DirectJDKLog.java:173)] - [INFO] APR/OpenSSL configuration: useAprConnector [false], useOpenSSL [true]
2025-11-14 19:29:58,132 [main] [org.apache.juli.logging.DirectJDKLog.log(DirectJDKLog.java:173)] - [INFO] OpenSSL successfully initialized [OpenSSL 1.1.1k  25 Mar 2021]
2025-11-14 19:29:58,136 [main] [org.apache.juli.logging.DirectJDKLog.log(DirectJDKLog.java:173)] - [INFO] Initializing ProtocolHandler ["http-nio-8080"]
2025-11-14 19:29:58,136 [main] [org.apache.juli.logging.DirectJDKLog.log(DirectJDKLog.java:173)] - [INFO] Starting service [Tomcat]
2025-11-14 19:29:58,137 [main] [org.apache.juli.logging.DirectJDKLog.log(DirectJDKLog.java:173)] - [INFO] Starting Servlet engine: [Apache Tomcat/9.0.83]
2025-11-14 19:29:58,186 [main] [org.apache.juli.logging.DirectJDKLog.log(DirectJDKLog.java:173)] - [INFO] Initializing Spring embedded WebApplicationContext
2025-11-14 19:29:58,187 [main] [org.springframework.boot.web.servlet.context.ServletWebServerApplicationContext.prepareWebApplicationContext(ServletWebServerApplicationContext.java:292)] - [INFO] Root WebApplicationContext: initialization completed in 522 ms
2025-11-14 19:29:58,483 [main] [org.apache.juli.logging.DirectJDKLog.log(DirectJDKLog.java:173)] - [INFO] Starting ProtocolHandler ["http-nio-8080"]
2025-11-14 19:29:58,495 [main] [org.springframework.boot.web.embedded.tomcat.TomcatWebServer.start(TomcatWebServer.java:220)] - [INFO] Tomcat started on port(s): 8080 (http) with context path '/demo'
2025-11-14 19:29:58,499 [main] [org.springframework.boot.StartupInfoLogger.logStarted(StartupInfoLogger.java:61)] - [INFO] Started Application in 1.069 seconds (JVM running for 1.602)
2025-11-14 19:30:04,849 [http-nio-8080-exec-2] [org.apache.juli.logging.DirectJDKLog.log(DirectJDKLog.java:173)] - [INFO] Initializing Spring DispatcherServlet 'dispatcherServlet'
2025-11-14 19:30:04,849 [http-nio-8080-exec-2] [org.springframework.web.servlet.FrameworkServlet.initServletBean(FrameworkServlet.java:525)] - [INFO] Initializing Servlet 'dispatcherServlet'
2025-11-14 19:30:04,849 [http-nio-8080-exec-2] [org.springframework.web.servlet.FrameworkServlet.initServletBean(FrameworkServlet.java:547)] - [INFO] Completed initialization in 0 ms
2025-11-14 19:30:52,261 [http-nio-8080-exec-8] [org.springframework.web.servlet.handler.AbstractHandlerExceptionResolver.logException(AbstractHandlerExceptionResolver.java:208)] - [WARN] Resolved [org.springframework.web.HttpRequestMethodNotSupportedException: Request method 'GET' not supported]
2025-11-14 19:39:18,852 [http-nio-8080-exec-1] [com.zaxxer.hikari.HikariDataSource.getConnection(HikariDataSource.java:110)] - [INFO] HikariPool-1 - Starting...
2025-11-14 19:39:19,163 [http-nio-8080-exec-1] [com.zaxxer.hikari.HikariDataSource.getConnection(HikariDataSource.java:123)] - [INFO] HikariPool-1 - Start completed.
2025-11-14 20:03:53,852 [SpringApplicationShutdownHook] [com.zaxxer.hikari.HikariDataSource.close(HikariDataSource.java:350)] - [INFO] HikariPool-1 - Shutdown initiated...
2025-11-14 20:03:53,859 [SpringApplicationShutdownHook] [com.zaxxer.hikari.HikariDataSource.close(HikariDataSource.java:352)] - [INFO] HikariPool-1 - Shutdown completed.
2025-11-14 20:28:36,451 [main] [org.springframework.boot.StartupInfoLogger.logStarting(StartupInfoLogger.java:55)] - [INFO] Starting Application using Java 23 on LAPTOP-AN3G9507 with PID 3260 (E:\桌面\软件开发\springboot-wxmini-master\springboot-wxmini-master\springboot-wxmini\target\classes started by 栋 in E:\桌面\软件开发\springboot-wxmini-master\springboot-wxmini-master\springboot-wxmini)
2025-11-14 20:28:36,459 [main] [org.springframework.boot.SpringApplication.logStartupProfileInfo(SpringApplication.java:632)] - [INFO] No active profile set, falling back to 1 default profile: "default"
2025-11-14 20:28:37,114 [main] [org.springframework.boot.web.embedded.tomcat.TomcatWebServer.initialize(TomcatWebServer.java:108)] - [INFO] Tomcat initialized with port(s): 8080 (http)
2025-11-14 20:28:37,114 [main] [org.apache.juli.logging.DirectJDKLog.log(DirectJDKLog.java:173)] - [INFO] An older version [1.2.30] of the Apache Tomcat Native library is installed, while Tomcat recommends a minimum version of [1.2.38]
2025-11-14 20:28:37,115 [main] [org.apache.juli.logging.DirectJDKLog.log(DirectJDKLog.java:173)] - [INFO] Loaded Apache Tomcat Native library [1.2.30] using APR version [1.7.0].
2025-11-14 20:28:37,115 [main] [org.apache.juli.logging.DirectJDKLog.log(DirectJDKLog.java:173)] - [INFO] APR capabilities: IPv6 [true], sendfile [true], accept filters [false], random [true], UDS [true].
2025-11-14 20:28:37,115 [main] [org.apache.juli.logging.DirectJDKLog.log(DirectJDKLog.java:173)] - [INFO] APR/OpenSSL configuration: useAprConnector [false], useOpenSSL [true]
2025-11-14 20:28:37,126 [main] [org.apache.juli.logging.DirectJDKLog.log(DirectJDKLog.java:173)] - [INFO] OpenSSL successfully initialized [OpenSSL 1.1.1k  25 Mar 2021]
2025-11-14 20:28:37,131 [main] [org.apache.juli.logging.DirectJDKLog.log(DirectJDKLog.java:173)] - [INFO] Initializing ProtocolHandler ["http-nio-8080"]
2025-11-14 20:28:37,134 [main] [org.apache.juli.logging.DirectJDKLog.log(DirectJDKLog.java:173)] - [INFO] Starting service [Tomcat]
2025-11-14 20:28:37,134 [main] [org.apache.juli.logging.DirectJDKLog.log(DirectJDKLog.java:173)] - [INFO] Starting Servlet engine: [Apache Tomcat/9.0.83]
2025-11-14 20:28:37,210 [main] [org.apache.juli.logging.DirectJDKLog.log(DirectJDKLog.java:173)] - [INFO] Initializing Spring embedded WebApplicationContext
2025-11-14 20:28:37,210 [main] [org.springframework.boot.web.servlet.context.ServletWebServerApplicationContext.prepareWebApplicationContext(ServletWebServerApplicationContext.java:292)] - [INFO] Root WebApplicationContext: initialization completed in 714 ms
2025-11-14 20:28:37,596 [main] [org.apache.juli.logging.DirectJDKLog.log(DirectJDKLog.java:173)] - [INFO] Starting ProtocolHandler ["http-nio-8080"]
2025-11-14 20:28:37,610 [main] [org.springframework.boot.web.embedded.tomcat.TomcatWebServer.start(TomcatWebServer.java:220)] - [INFO] Tomcat started on port(s): 8080 (http) with context path '/demo'
2025-11-14 20:28:37,615 [main] [org.springframework.boot.StartupInfoLogger.logStarted(StartupInfoLogger.java:61)] - [INFO] Started Application in 1.416 seconds (JVM running for 2.236)
